<?xml version="1.0" encoding="UTF-8"?>
<!-- Generated by org.testng.reporters.JUnitReportReporter -->
<testsuite hostname="INDMUMBLPTMP069" failures="0" tests="1" name="Appium.EcommerceAddToCartProduct" time="65.550" errors="0" timestamp="04 Jul 2023 10:13:24 GMT" skipped="0">
  <testcase classname="Appium.EcommerceAddToCartProduct" name="EcommerceTest" time="65.550"/>
</testsuite> <!-- Appium.EcommerceAddToCartProduct -->
