<?xml version="1.0" encoding="UTF-8"?>
<!-- Generated by org.testng.reporters.JUnitReportReporter -->
<testsuite hostname="INDMUMBLPTMP069" failures="0" tests="1" name="Appium.MobileBrowserTest" time="2.936" errors="0" timestamp="04 Jul 2023 15:51:11 GMT" skipped="0">
  <testcase classname="Appium.MobileBrowserTest" name="BrowserTest" time="2.936"/>
</testsuite> <!-- Appium.MobileBrowserTest -->
