<?xml version="1.0" encoding="UTF-8"?>
<!-- Generated by org.testng.reporters.JUnitReportReporter -->
<testsuite hostname="INDMUMBLPTMP069" failures="0" tests="1" name="Appium.SwipeDemo" time="5.932" errors="0" timestamp="03 Jul 2023 07:07:38 GMT" skipped="0">
  <testcase classname="Appium.SwipeDemo" name="SwipeDemo" time="5.932"/>
</testsuite> <!-- Appium.SwipeDemo -->
