<?xml version="1.0" encoding="UTF-8"?>
<!-- Generated by org.testng.reporters.JUnitReportReporter -->
<testsuite hostname="INDMUMBLPTMP069" failures="0" tests="1" name="Appium.EcommerceValidateSumOfPrice" time="73.217" errors="0" timestamp="04 Jul 2023 15:17:57 GMT" skipped="0">
  <testcase classname="Appium.EcommerceValidateSumOfPrice" name="EcommerceTest3" time="73.217"/>
</testsuite> <!-- Appium.EcommerceValidateSumOfPrice -->
