<?xml version="1.0" encoding="UTF-8"?>
<!-- Generated by org.testng.reporters.JUnitReportReporter -->
<testsuite hostname="INDMUMBLPTMP069" failures="0" tests="1" name="Appium.Ecommerce" time="51.655" errors="0" timestamp="04 Jul 2023 06:42:11 GMT" skipped="0">
  <testcase classname="Appium.Ecommerce" name="EcommerceTest" time="51.655"/>
</testsuite> <!-- Appium.Ecommerce -->
