<?xml version="1.0" encoding="UTF-8"?>
<!-- Generated by org.testng.reporters.JUnitReportReporter -->
<testsuite hostname="INDMUMBLPTMP069" failures="0" tests="1" name="Appium.LongPress" time="5.737" errors="0" timestamp="03 Jul 2023 05:33:28 GMT" skipped="0">
  <testcase classname="Appium.LongPress" name="LogPress" time="5.737"/>
</testsuite> <!-- Appium.LongPress -->
