<?xml version="1.0" encoding="UTF-8"?>
<!-- Generated by org.testng.reporters.JUnitReportReporter -->
<testsuite hostname="INDMUMBLPTMP069" failures="0" tests="1" name="Appium.EcommerceToastMass" time="50.117" errors="0" timestamp="04 Jul 2023 06:57:56 GMT" skipped="0">
  <testcase classname="Appium.EcommerceToastMass" name="EcommerceTest" time="50.117"/>
</testsuite> <!-- Appium.EcommerceToastMass -->
