<?xml version="1.0" encoding="UTF-8"?>
<!-- Generated by org.testng.reporters.JUnitReportReporter -->
<testsuite hostname="INDMUMBLPTMP069" failures="0" tests="1" name="Appium.AppiumBasics" time="6.345" errors="0" timestamp="03 Jul 2023 10:22:25 GMT" skipped="0">
  <testcase classname="Appium.AppiumBasics" name="AppiumTest" time="6.345"/>
</testsuite> <!-- Appium.AppiumBasics -->
