<?xml version="1.0" encoding="UTF-8"?>
<!-- Generated by org.testng.reporters.JUnitReportReporter -->
<testsuite hostname="INDMUMBLPTMP069" failures="0" tests="1" name="Appium.DragAndDropDemo" time="7.385" errors="0" timestamp="03 Jul 2023 07:29:44 GMT" skipped="0">
  <testcase classname="Appium.DragAndDropDemo" name="DrangAndDropDemo" time="7.385"/>
</testsuite> <!-- Appium.DragAndDropDemo -->
