<?xml version="1.0" encoding="UTF-8"?>
<!-- Generated by org.testng.reporters.JUnitReportReporter -->
<testsuite hostname="INDMUMBLPTMP069" failures="0" tests="1" name="Appium.Assignment" time="4.716" errors="0" timestamp="03 Jul 2023 08:01:05 GMT" skipped="0">
  <testcase classname="Appium.Assignment" name="Assignment" time="4.716"/>
</testsuite> <!-- Appium.Assignment -->
